2016-10-06 12:44:23,375 [main] INFO  c.g.e.m.h.c.ui.Html5AppCoreUIPlugin - Pluging started
2016-10-06 12:44:27,631 [Worker-1] INFO  o.e.m.c.i.i.nexus.NexusIndexManager - Updating index for repository: central|http://repo.maven.apache.org/maven2
2016-10-06 12:44:27,645 [Worker-1] ERROR o.e.m.c.i.i.nexus.NexusIndexManager - Unable to update index for central|http://repo.maven.apache.org/maven2
java.io.IOException: Could not acquire lock on directory C:\Users\Administrator\.m2\repository\.cache\m2e\1.4.0\26522e0d83a422eed93329ece7565cfc
	at org.eclipse.m2e.core.internal.index.nexus.EquinoxLocker.lock(EquinoxLocker.java:35) ~[org.eclipse.m2e.core_1.4.0.me201310171809.jar:na]
	at org.eclipse.m2e.core.internal.index.nexus.NexusIndexManager.updateRemoteIndex(NexusIndexManager.java:1232) [org.eclipse.m2e.core_1.4.0.me201310171809.jar:na]
	at org.eclipse.m2e.core.internal.index.nexus.NexusIndexManager.updateIndex(NexusIndexManager.java:1192) [org.eclipse.m2e.core_1.4.0.me201310171809.jar:na]
	at org.eclipse.m2e.core.internal.index.nexus.NexusIndexManager$1.run(NexusIndexManager.java:707) [org.eclipse.m2e.core_1.4.0.me201310171809.jar:na]
	at org.eclipse.m2e.core.internal.index.nexus.IndexUpdaterJob.run(IndexUpdaterJob.java:72) [org.eclipse.m2e.core_1.4.0.me201310171809.jar:na]
	at org.eclipse.core.internal.jobs.Worker.run(Worker.java:53) [org.eclipse.core.jobs_3.5.300.v20130429-1813.jar:na]
2016-10-06 12:44:30,085 [Worker-0] INFO  o.e.m.c.i.embedder.EclipseLogger - Installing D:\MyEclipse\plugins\com.genuitec.eclipse.icefaces_11.0.1.me201308151823\data\1.6.1\ICEfaces\icefaces.jar to C:\Users\Administrator\.m2\repository\org\icefaces\icefaces\1.6.1\icefaces-1.6.1.jar
2016-10-06 12:44:30,343 [Worker-0] INFO  o.e.m.c.i.embedder.EclipseLogger - Installing C:\Users\ADMINI~1\AppData\Local\Temp\mvninstall3128202975989829656.pom to C:\Users\Administrator\.m2\repository\org\icefaces\icefaces\1.6.1\icefaces-1.6.1.pom
2016-10-06 12:44:30,490 [Worker-0] INFO  c.n.h.c.p.n.NettyAsyncHttpProvider - Number of application's worked threads is 8
2016-10-06 12:44:31,663 [New I/O client worker #1-1] INFO  o.e.m.c.i.e.AbstractTransferListenerAdapter - Downloaded http://repo.maven.apache.org/maven2/org/icepush/icepush/2.0.2/icepush-2.0.2.jar
2016-10-06 12:44:31,686 [Worker-0] INFO  o.e.m.c.i.embedder.EclipseLogger - Installing D:\MyEclipse\plugins\com.genuitec.eclipse.icefaces_11.0.1.me201308151823\data\org.icepush\icepush\2.0\icepush.jar to C:\Users\Administrator\.m2\repository\org\icepush\icepush\2.0.2\icepush-2.0.2.jar
2016-10-06 12:44:31,873 [Worker-0] INFO  o.e.m.c.i.embedder.EclipseLogger - Installing C:\Users\ADMINI~1\AppData\Local\Temp\mvninstall2676899743709782429.pom to C:\Users\Administrator\.m2\repository\org\icepush\icepush\2.0.2\icepush-2.0.2.pom
2016-10-06 12:44:31,880 [Worker-0] INFO  c.n.h.c.p.n.NettyAsyncHttpProvider - Number of application's worked threads is 8
2016-10-06 12:44:32,700 [New I/O client worker #2-1] INFO  o.e.m.c.i.e.AbstractTransferListenerAdapter - Downloaded http://repo.maven.apache.org/maven2/org/icefaces/icefaces-comps/1.8.0/icefaces-comps-1.8.0.jar
2016-10-06 12:44:32,716 [Worker-0] INFO  o.e.m.c.i.embedder.EclipseLogger - Installing D:\MyEclipse\plugins\com.genuitec.eclipse.icefaces_11.0.1.me201308151823\data\1.8.0\ICEfaces\icefaces-comps.jar to C:\Users\Administrator\.m2\repository\org\icefaces\icefaces-comps\1.8.0\icefaces-comps-1.8.0.jar
2016-10-06 12:44:32,904 [Worker-0] INFO  o.e.m.c.i.embedder.EclipseLogger - Installing C:\Users\ADMINI~1\AppData\Local\Temp\mvninstall3833381083678242642.pom to C:\Users\Administrator\.m2\repository\org\icefaces\icefaces-comps\1.8.0\icefaces-comps-1.8.0.pom
2016-10-06 12:44:32,938 [Worker-0] INFO  c.n.h.c.p.n.NettyAsyncHttpProvider - Number of application's worked threads is 8
2016-10-06 12:44:33,802 [New I/O client worker #3-1] INFO  o.e.m.c.i.e.AbstractTransferListenerAdapter - Downloaded http://repo.maven.apache.org/maven2/org/icefaces/icefaces-comps/1.7.2/icefaces-comps-1.7.2.jar
2016-10-06 12:44:33,817 [Worker-0] INFO  o.e.m.c.i.embedder.EclipseLogger - Installing D:\MyEclipse\plugins\com.genuitec.eclipse.icefaces_11.0.1.me201308151823\data\1.7.2\ICEfaces\icefaces-comps.jar to C:\Users\Administrator\.m2\repository\org\icefaces\icefaces-comps\1.7.2\icefaces-comps-1.7.2.jar
2016-10-06 12:44:34,313 [Worker-0] INFO  o.e.m.c.i.embedder.EclipseLogger - Installing C:\Users\ADMINI~1\AppData\Local\Temp\mvninstall4436479210085272208.pom to C:\Users\Administrator\.m2\repository\org\icefaces\icefaces-comps\1.7.2\icefaces-comps-1.7.2.pom
2016-10-06 12:44:34,323 [Worker-0] INFO  c.n.h.c.p.n.NettyAsyncHttpProvider - Number of application's worked threads is 8
2016-10-06 12:44:35,153 [New I/O client worker #4-1] INFO  o.e.m.c.i.e.AbstractTransferListenerAdapter - Downloaded http://repo.maven.apache.org/maven2/org/icefaces/icefaces-comps/1.7.1/icefaces-comps-1.7.1.jar
2016-10-06 12:44:35,167 [Worker-0] INFO  o.e.m.c.i.embedder.EclipseLogger - Installing D:\MyEclipse\plugins\com.genuitec.eclipse.icefaces_11.0.1.me201308151823\data\1.7.1\ICEfaces\icefaces-comps.jar to C:\Users\Administrator\.m2\repository\org\icefaces\icefaces-comps\1.7.1\icefaces-comps-1.7.1.jar
2016-10-06 12:44:35,856 [Worker-0] INFO  o.e.m.c.i.embedder.EclipseLogger - Installing C:\Users\ADMINI~1\AppData\Local\Temp\mvninstall6032094037483530817.pom to C:\Users\Administrator\.m2\repository\org\icefaces\icefaces-comps\1.7.1\icefaces-comps-1.7.1.pom
2016-10-06 12:44:35,871 [Worker-0] INFO  c.n.h.c.p.n.NettyAsyncHttpProvider - Number of application's worked threads is 8
2016-10-06 12:44:36,717 [New I/O client worker #5-1] INFO  o.e.m.c.i.e.AbstractTransferListenerAdapter - Downloaded http://repo.maven.apache.org/maven2/org/icefaces/icefaces-comps/1.7.0/icefaces-comps-1.7.0.jar
2016-10-06 12:44:36,736 [Worker-0] INFO  o.e.m.c.i.embedder.EclipseLogger - Installing D:\MyEclipse\plugins\com.genuitec.eclipse.icefaces_11.0.1.me201308151823\data\1.7.0\ICEfaces\icefaces-comps.jar to C:\Users\Administrator\.m2\repository\org\icefaces\icefaces-comps\1.7.0\icefaces-comps-1.7.0.jar
2016-10-06 12:44:36,898 [Worker-0] INFO  o.e.m.c.i.embedder.EclipseLogger - Installing C:\Users\ADMINI~1\AppData\Local\Temp\mvninstall7821409057186897020.pom to C:\Users\Administrator\.m2\repository\org\icefaces\icefaces-comps\1.7.0\icefaces-comps-1.7.0.pom
2016-10-06 12:44:36,909 [Worker-0] INFO  c.n.h.c.p.n.NettyAsyncHttpProvider - Number of application's worked threads is 8
2016-10-06 12:44:37,784 [New I/O client worker #6-1] INFO  o.e.m.c.i.e.AbstractTransferListenerAdapter - Downloaded http://repo.maven.apache.org/maven2/org/icefaces/icefaces-comps/1.6.2/icefaces-comps-1.6.2.jar
2016-10-06 12:44:37,797 [Worker-0] INFO  o.e.m.c.i.embedder.EclipseLogger - Installing D:\MyEclipse\plugins\com.genuitec.eclipse.icefaces_11.0.1.me201308151823\data\1.6.2\ICEfaces\icefaces-comps.jar to C:\Users\Administrator\.m2\repository\org\icefaces\icefaces-comps\1.6.2\icefaces-comps-1.6.2.jar
2016-10-06 12:44:37,931 [Worker-0] INFO  o.e.m.c.i.embedder.EclipseLogger - Installing C:\Users\ADMINI~1\AppData\Local\Temp\mvninstall2441821930121135732.pom to C:\Users\Administrator\.m2\repository\org\icefaces\icefaces-comps\1.6.2\icefaces-comps-1.6.2.pom
2016-10-06 12:44:37,937 [Worker-0] INFO  c.n.h.c.p.n.NettyAsyncHttpProvider - Number of application's worked threads is 8
2016-10-06 12:44:38,777 [New I/O client worker #7-1] INFO  o.e.m.c.i.e.AbstractTransferListenerAdapter - Downloaded http://repo.maven.apache.org/maven2/org/icefaces/icefaces-comps/1.6.1/icefaces-comps-1.6.1.jar
2016-10-06 12:44:38,798 [Worker-0] INFO  o.e.m.c.i.embedder.EclipseLogger - Installing D:\MyEclipse\plugins\com.genuitec.eclipse.icefaces_11.0.1.me201308151823\data\1.6.1\ICEfaces\icefaces-comps.jar to C:\Users\Administrator\.m2\repository\org\icefaces\icefaces-comps\1.6.1\icefaces-comps-1.6.1.jar
2016-10-06 12:44:39,028 [Worker-0] INFO  o.e.m.c.i.embedder.EclipseLogger - Installing C:\Users\ADMINI~1\AppData\Local\Temp\mvninstall629533838399679656.pom to C:\Users\Administrator\.m2\repository\org\icefaces\icefaces-comps\1.6.1\icefaces-comps-1.6.1.pom
2016-10-06 12:44:39,036 [Worker-0] INFO  c.n.h.c.p.n.NettyAsyncHttpProvider - Number of application's worked threads is 8
2016-10-06 12:44:39,878 [New I/O client worker #8-1] INFO  o.e.m.c.i.e.AbstractTransferListenerAdapter - Downloaded http://repo.maven.apache.org/maven2/org/icefaces/icefaces-facelets/1.8.0/icefaces-facelets-1.8.0.jar
2016-10-06 12:44:39,895 [Worker-0] INFO  o.e.m.c.i.embedder.EclipseLogger - Installing D:\MyEclipse\plugins\com.genuitec.eclipse.icefaces_11.0.1.me201308151823\data\1.8.0\ICEfaces-Facelets\icefaces-facelets.jar to C:\Users\Administrator\.m2\repository\org\icefaces\icefaces-facelets\1.8.0\icefaces-facelets-1.8.0.jar
2016-10-06 12:44:40,015 [Worker-0] INFO  o.e.m.c.i.embedder.EclipseLogger - Installing C:\Users\ADMINI~1\AppData\Local\Temp\mvninstall301920304243593153.pom to C:\Users\Administrator\.m2\repository\org\icefaces\icefaces-facelets\1.8.0\icefaces-facelets-1.8.0.pom
2016-10-06 12:44:40,021 [Worker-0] INFO  c.n.h.c.p.n.NettyAsyncHttpProvider - Number of application's worked threads is 8
2016-10-06 12:44:40,837 [New I/O client worker #9-1] INFO  o.e.m.c.i.e.AbstractTransferListenerAdapter - Downloaded http://repo.maven.apache.org/maven2/org/icefaces/icefaces-facelets/1.7.2/icefaces-facelets-1.7.2.jar
2016-10-06 12:44:40,851 [Worker-0] INFO  o.e.m.c.i.embedder.EclipseLogger - Installing D:\MyEclipse\plugins\com.genuitec.eclipse.icefaces_11.0.1.me201308151823\data\1.7.2\ICEfaces-Facelets\icefaces-facelets.jar to C:\Users\Administrator\.m2\repository\org\icefaces\icefaces-facelets\1.7.2\icefaces-facelets-1.7.2.jar
2016-10-06 12:44:40,980 [Worker-0] INFO  o.e.m.c.i.embedder.EclipseLogger - Installing C:\Users\ADMINI~1\AppData\Local\Temp\mvninstall8497940315390028635.pom to C:\Users\Administrator\.m2\repository\org\icefaces\icefaces-facelets\1.7.2\icefaces-facelets-1.7.2.pom
2016-10-06 12:44:40,986 [Worker-0] INFO  c.n.h.c.p.n.NettyAsyncHttpProvider - Number of application's worked threads is 8
2016-10-06 12:44:41,785 [New I/O client worker #10-1] INFO  o.e.m.c.i.e.AbstractTransferListenerAdapter - Downloaded http://repo.maven.apache.org/maven2/org/icefaces/icefaces-facelets/1.7.1/icefaces-facelets-1.7.1.jar
2016-10-06 12:44:41,794 [Worker-0] INFO  o.e.m.c.i.embedder.EclipseLogger - Installing D:\MyEclipse\plugins\com.genuitec.eclipse.icefaces_11.0.1.me201308151823\data\1.7.0\ICEfaces-Facelets\icefaces-facelets.jar to C:\Users\Administrator\.m2\repository\org\icefaces\icefaces-facelets\1.7.1\icefaces-facelets-1.7.1.jar
2016-10-06 12:44:41,901 [Worker-0] INFO  o.e.m.c.i.embedder.EclipseLogger - Installing C:\Users\ADMINI~1\AppData\Local\Temp\mvninstall5958502826396843426.pom to C:\Users\Administrator\.m2\repository\org\icefaces\icefaces-facelets\1.7.1\icefaces-facelets-1.7.1.pom
2016-10-06 12:44:41,907 [Worker-0] INFO  c.n.h.c.p.n.NettyAsyncHttpProvider - Number of application's worked threads is 8
2016-10-06 12:44:42,737 [New I/O client worker #11-1] INFO  o.e.m.c.i.e.AbstractTransferListenerAdapter - Downloaded http://repo.maven.apache.org/maven2/org/icefaces/icefaces-facelets/1.7.0/icefaces-facelets-1.7.0.jar
2016-10-06 12:44:42,747 [Worker-0] INFO  o.e.m.c.i.embedder.EclipseLogger - Installing D:\MyEclipse\plugins\com.genuitec.eclipse.icefaces_11.0.1.me201308151823\data\1.7.0\ICEfaces-Facelets\icefaces-facelets.jar to C:\Users\Administrator\.m2\repository\org\icefaces\icefaces-facelets\1.7.0\icefaces-facelets-1.7.0.jar
2016-10-06 12:44:42,848 [Worker-0] INFO  o.e.m.c.i.embedder.EclipseLogger - Installing C:\Users\ADMINI~1\AppData\Local\Temp\mvninstall8471845210043364638.pom to C:\Users\Administrator\.m2\repository\org\icefaces\icefaces-facelets\1.7.0\icefaces-facelets-1.7.0.pom
2016-10-06 12:44:42,854 [Worker-0] INFO  c.n.h.c.p.n.NettyAsyncHttpProvider - Number of application's worked threads is 8
2016-10-06 12:44:43,691 [New I/O client worker #12-1] INFO  o.e.m.c.i.e.AbstractTransferListenerAdapter - Downloaded http://repo.maven.apache.org/maven2/org/icefaces/icefaces-facelets/1.6.2/icefaces-facelets-1.6.2.jar
2016-10-06 12:44:43,709 [Worker-0] INFO  o.e.m.c.i.embedder.EclipseLogger - Installing D:\MyEclipse\plugins\com.genuitec.eclipse.icefaces_11.0.1.me201308151823\data\1.6.2\ICEfaces-Facelets\icefaces-facelets.jar to C:\Users\Administrator\.m2\repository\org\icefaces\icefaces-facelets\1.6.2\icefaces-facelets-1.6.2.jar
2016-10-06 12:44:43,821 [Worker-0] INFO  o.e.m.c.i.embedder.EclipseLogger - Installing C:\Users\ADMINI~1\AppData\Local\Temp\mvninstall4115104923499580543.pom to C:\Users\Administrator\.m2\repository\org\icefaces\icefaces-facelets\1.6.2\icefaces-facelets-1.6.2.pom
2016-10-06 12:44:43,828 [Worker-0] INFO  c.n.h.c.p.n.NettyAsyncHttpProvider - Number of application's worked threads is 8
2016-10-06 12:44:44,628 [New I/O client worker #13-1] INFO  o.e.m.c.i.e.AbstractTransferListenerAdapter - Downloaded http://repo.maven.apache.org/maven2/org/icefaces/icefaces-facelets/1.6.1/icefaces-facelets-1.6.1.jar
2016-10-06 12:44:44,638 [Worker-0] INFO  o.e.m.c.i.embedder.EclipseLogger - Installing D:\MyEclipse\plugins\com.genuitec.eclipse.icefaces_11.0.1.me201308151823\data\1.6.1\ICEfaces-Facelets\icefaces-facelets.jar to C:\Users\Administrator\.m2\repository\org\icefaces\icefaces-facelets\1.6.1\icefaces-facelets-1.6.1.jar
2016-10-06 12:44:44,829 [Worker-0] INFO  o.e.m.c.i.embedder.EclipseLogger - Installing C:\Users\ADMINI~1\AppData\Local\Temp\mvninstall4330536019454283014.pom to C:\Users\Administrator\.m2\repository\org\icefaces\icefaces-facelets\1.6.1\icefaces-facelets-1.6.1.pom
2016-10-06 12:44:44,836 [Worker-0] INFO  c.n.h.c.p.n.NettyAsyncHttpProvider - Number of application's worked threads is 8
2016-10-06 12:44:45,707 [New I/O client worker #14-1] INFO  o.e.m.c.i.e.AbstractTransferListenerAdapter - Downloaded http://repo.maven.apache.org/maven2/net/sourceforge/jexcelapi/jxl/2.6.8/jxl-2.6.8.jar
2016-10-06 12:44:45,722 [Worker-0] INFO  o.e.m.c.i.embedder.EclipseLogger - Installing D:\MyEclipse\plugins\com.genuitec.eclipse.icefaces_11.0.1.me201308151823\data\net.sourceforge.jexcelapi\jxl\2.6.8\jxl.jar to C:\Users\Administrator\.m2\repository\net\sourceforge\jexcelapi\jxl\2.6.8\jxl-2.6.8.jar
2016-10-06 12:44:45,950 [Worker-0] INFO  o.e.m.c.i.embedder.EclipseLogger - Installing C:\Users\ADMINI~1\AppData\Local\Temp\mvninstall6277261252797087222.pom to C:\Users\Administrator\.m2\repository\net\sourceforge\jexcelapi\jxl\2.6.8\jxl-2.6.8.pom
2016-10-06 12:44:45,956 [Worker-0] INFO  c.n.h.c.p.n.NettyAsyncHttpProvider - Number of application's worked threads is 8
2016-10-06 12:44:46,794 [New I/O client worker #15-1] INFO  o.e.m.c.i.e.AbstractTransferListenerAdapter - Downloaded http://repo.maven.apache.org/maven2/org/icefaces/icefaces-mobi/1.3.0/icefaces-mobi-1.3.0.jar
2016-10-06 12:44:46,812 [Worker-0] INFO  o.e.m.c.i.embedder.EclipseLogger - Installing D:\MyEclipse\plugins\com.genuitec.eclipse.icefaces_11.0.1.me201308151823\data\org.icefaces\icefaces-mobi\1.3\icefaces-mobi.jar to C:\Users\Administrator\.m2\repository\org\icefaces\icefaces-mobi\1.3.0\icefaces-mobi-1.3.0.jar
2016-10-06 12:44:47,218 [Worker-0] INFO  o.e.m.c.i.embedder.EclipseLogger - Installing C:\Users\ADMINI~1\AppData\Local\Temp\mvninstall3847396854021513973.pom to C:\Users\Administrator\.m2\repository\org\icefaces\icefaces-mobi\1.3.0\icefaces-mobi-1.3.0.pom
2016-10-06 12:44:47,232 [Worker-0] INFO  c.n.h.c.p.n.NettyAsyncHttpProvider - Number of application's worked threads is 8
2016-10-06 12:44:48,066 [New I/O client worker #16-1] INFO  o.e.m.c.i.e.AbstractTransferListenerAdapter - Downloaded http://repo.maven.apache.org/maven2/org/icepush/icepush/3.0.0/icepush-3.0.0.jar
2016-10-06 12:44:48,083 [Worker-0] INFO  o.e.m.c.i.embedder.EclipseLogger - Installing D:\MyEclipse\plugins\com.genuitec.eclipse.icefaces_11.0.1.me201308151823\data\org.icepush\icepush\3.0\icepush.jar to C:\Users\Administrator\.m2\repository\org\icepush\icepush\3.0.0\icepush-3.0.0.jar
2016-10-06 12:44:48,225 [Worker-0] INFO  o.e.m.c.i.embedder.EclipseLogger - Installing C:\Users\ADMINI~1\AppData\Local\Temp\mvninstall52624138838867899.pom to C:\Users\Administrator\.m2\repository\org\icepush\icepush\3.0.0\icepush-3.0.0.pom
2016-10-06 12:44:48,248 [Worker-0] INFO  c.n.h.c.p.n.NettyAsyncHttpProvider - Number of application's worked threads is 8
2016-10-06 12:44:49,080 [New I/O client worker #17-1] INFO  o.e.m.c.i.e.AbstractTransferListenerAdapter - Downloaded http://repo.maven.apache.org/maven2/javax/activation/activation/1.0.2/activation-1.0.2.jar
2016-10-06 12:44:49,092 [Worker-0] INFO  o.e.m.c.i.embedder.EclipseLogger - Installing D:\MyEclipse\plugins\com.genuitec.eclipse.j2eedt.core_11.5.0.me201311281640\data\libraryset\1.4\activation.jar to C:\Users\Administrator\.m2\repository\javax\activation\activation\1.0.2\activation-1.0.2.jar
2016-10-06 12:44:49,411 [Worker-0] INFO  o.e.m.c.i.embedder.EclipseLogger - Installing C:\Users\ADMINI~1\AppData\Local\Temp\mvninstall2856677563754232039.pom to C:\Users\Administrator\.m2\repository\javax\activation\activation\1.0.2\activation-1.0.2.pom
2016-10-06 12:44:49,417 [Worker-0] INFO  c.n.h.c.p.n.NettyAsyncHttpProvider - Number of application's worked threads is 8
2016-10-06 12:44:50,279 [New I/O client worker #18-1] INFO  o.e.m.c.i.e.AbstractTransferListenerAdapter - Downloaded http://repo.maven.apache.org/maven2/javax/mail/mail/1.3.1/mail-1.3.1.jar
2016-10-06 12:44:50,298 [Worker-0] INFO  o.e.m.c.i.embedder.EclipseLogger - Installing D:\MyEclipse\plugins\com.genuitec.eclipse.j2eedt.core_11.5.0.me201311281640\data\libraryset\1.4\mail.jar to C:\Users\Administrator\.m2\repository\javax\mail\mail\1.3.1\mail-1.3.1.jar
2016-10-06 12:44:50,432 [Worker-0] INFO  o.e.m.c.i.embedder.EclipseLogger - Installing C:\Users\ADMINI~1\AppData\Local\Temp\mvninstall2347742108257042097.pom to C:\Users\Administrator\.m2\repository\javax\mail\mail\1.3.1\mail-1.3.1.pom
2016-10-06 12:44:50,446 [Worker-0] INFO  c.n.h.c.p.n.NettyAsyncHttpProvider - Number of application's worked threads is 8
2016-10-06 12:44:51,354 [New I/O client worker #19-1] INFO  o.e.m.c.i.e.AbstractTransferListenerAdapter - Downloaded http://repo.maven.apache.org/maven2/javax/xml/namespace/1.0.1/namespace-1.0.1.jar
2016-10-06 12:44:51,372 [Worker-0] INFO  o.e.m.c.i.embedder.EclipseLogger - Installing D:\MyEclipse\plugins\com.genuitec.eclipse.j2eedt.core_11.5.0.me201311281640\data\libraryset\1.4\namespace.jar to C:\Users\Administrator\.m2\repository\javax\xml\namespace\1.0.1\namespace-1.0.1.jar
2016-10-06 12:44:51,541 [Worker-0] INFO  o.e.m.c.i.embedder.EclipseLogger - Installing C:\Users\ADMINI~1\AppData\Local\Temp\mvninstall3716500248314875950.pom to C:\Users\Administrator\.m2\repository\javax\xml\namespace\1.0.1\namespace-1.0.1.pom
2016-10-06 12:44:51,554 [Worker-0] INFO  c.n.h.c.p.n.NettyAsyncHttpProvider - Number of application's worked threads is 8
2016-10-06 12:44:52,401 [New I/O client worker #20-1] INFO  o.e.m.c.i.e.AbstractTransferListenerAdapter - Downloaded http://repo.maven.apache.org/maven2/javax/sql/jdbc-stdext/2.0/jdbc-stdext-2.0.jar
2016-10-06 12:44:52,416 [Worker-0] INFO  o.e.m.c.i.embedder.EclipseLogger - Installing D:\MyEclipse\plugins\com.genuitec.eclipse.j2eedt.core_11.5.0.me201311281640\data\libraryset\JSTL1.0\lib\jdbc2_0-stdext.jar to C:\Users\Administrator\.m2\repository\javax\sql\jdbc-stdext\2.0\jdbc-stdext-2.0.jar
2016-10-06 12:44:52,572 [Worker-0] INFO  o.e.m.c.i.embedder.EclipseLogger - Installing C:\Users\ADMINI~1\AppData\Local\Temp\mvninstall1556824618017048183.pom to C:\Users\Administrator\.m2\repository\javax\sql\jdbc-stdext\2.0\jdbc-stdext-2.0.pom
2016-10-06 12:44:52,578 [Worker-0] INFO  c.n.h.c.p.n.NettyAsyncHttpProvider - Number of application's worked threads is 8
2016-10-06 12:44:53,435 [New I/O client worker #21-1] INFO  o.e.m.c.i.e.AbstractTransferListenerAdapter - Downloaded http://repo.maven.apache.org/maven2/javax/jts/jts/1.0/jts-1.0.jar
2016-10-06 12:44:53,444 [Worker-0] INFO  o.e.m.c.i.embedder.EclipseLogger - Installing D:\MyEclipse\plugins\com.genuitec.eclipse.j2eedt.core_11.5.0.me201311281640\data\libraryset\1.3\jts.jar to C:\Users\Administrator\.m2\repository\javax\jts\jts\1.0\jts-1.0.jar
2016-10-06 12:44:53,581 [Worker-0] INFO  o.e.m.c.i.embedder.EclipseLogger - Installing C:\Users\ADMINI~1\AppData\Local\Temp\mvninstall3897093160019077091.pom to C:\Users\Administrator\.m2\repository\javax\jts\jts\1.0\jts-1.0.pom
2016-10-06 12:44:53,587 [Worker-0] INFO  c.n.h.c.p.n.NettyAsyncHttpProvider - Number of application's worked threads is 8
2016-10-06 12:44:54,464 [New I/O client worker #22-1] INFO  o.e.m.c.i.e.AbstractTransferListenerAdapter - Downloaded http://repo.maven.apache.org/maven2/el-api/el-api/1.0/el-api-1.0.jar
2016-10-06 12:44:54,473 [Worker-0] INFO  o.e.m.c.i.embedder.EclipseLogger - Installing D:\MyEclipse\configuration\org.eclipse.osgi\bundles\99\1\.cp\data\facelets\lib\el-api.jar to C:\Users\Administrator\.m2\repository\el-api\el-api\1.0\el-api-1.0.jar
2016-10-06 12:44:54,848 [Worker-0] INFO  o.e.m.c.i.embedder.EclipseLogger - Installing C:\Users\ADMINI~1\AppData\Local\Temp\mvninstall18637777046750824.pom to C:\Users\Administrator\.m2\repository\el-api\el-api\1.0\el-api-1.0.pom
2016-10-06 12:44:54,855 [Worker-0] INFO  c.n.h.c.p.n.NettyAsyncHttpProvider - Number of application's worked threads is 8
2016-10-06 12:44:55,763 [New I/O client worker #23-1] INFO  o.e.m.c.i.e.AbstractTransferListenerAdapter - Downloaded http://repo.maven.apache.org/maven2/el-ri/el-ri/1.0/el-ri-1.0.jar
2016-10-06 12:44:55,772 [Worker-0] INFO  o.e.m.c.i.embedder.EclipseLogger - Installing D:\MyEclipse\configuration\org.eclipse.osgi\bundles\99\1\.cp\data\facelets\lib\el-ri.jar to C:\Users\Administrator\.m2\repository\el-ri\el-ri\1.0\el-ri-1.0.jar
2016-10-06 12:44:56,024 [Worker-0] INFO  o.e.m.c.i.embedder.EclipseLogger - Installing C:\Users\ADMINI~1\AppData\Local\Temp\mvninstall2044132449690809953.pom to C:\Users\Administrator\.m2\repository\el-ri\el-ri\1.0\el-ri-1.0.pom
2016-10-06 12:44:56,038 [Worker-0] INFO  c.n.h.c.p.n.NettyAsyncHttpProvider - Number of application's worked threads is 8
2016-10-06 12:44:56,911 [New I/O client worker #24-1] INFO  o.e.m.c.i.e.AbstractTransferListenerAdapter - Downloaded http://repo.maven.apache.org/maven2/javax/faces/jsf-api/2.0.3/jsf-api-2.0.3.jar
2016-10-06 12:44:56,920 [Worker-0] INFO  o.e.m.c.i.embedder.EclipseLogger - Installing D:\MyEclipse\configuration\org.eclipse.osgi\bundles\99\1\.cp\data\2.0\Mojarra\jsf-api.jar to C:\Users\Administrator\.m2\repository\javax\faces\jsf-api\2.0.3\jsf-api-2.0.3.jar
2016-10-06 12:44:57,266 [Worker-0] INFO  o.e.m.c.i.embedder.EclipseLogger - Installing C:\Users\ADMINI~1\AppData\Local\Temp\mvninstall6413263621511907574.pom to C:\Users\Administrator\.m2\repository\javax\faces\jsf-api\2.0.3\jsf-api-2.0.3.pom
2016-10-06 12:44:57,278 [Worker-0] INFO  c.n.h.c.p.n.NettyAsyncHttpProvider - Number of application's worked threads is 8
2016-10-06 12:44:58,155 [New I/O client worker #25-1] INFO  o.e.m.c.i.e.AbstractTransferListenerAdapter - Downloaded http://repo.maven.apache.org/maven2/javax/faces/jsf-impl/2.0.3/jsf-impl-2.0.3.jar
2016-10-06 12:44:58,164 [Worker-0] INFO  o.e.m.c.i.embedder.EclipseLogger - Installing D:\MyEclipse\configuration\org.eclipse.osgi\bundles\99\1\.cp\data\2.0\Mojarra\jsf-impl.jar to C:\Users\Administrator\.m2\repository\javax\faces\jsf-impl\2.0.3\jsf-impl-2.0.3.jar
2016-10-06 12:44:58,332 [Worker-0] INFO  o.e.m.c.i.embedder.EclipseLogger - Installing C:\Users\ADMINI~1\AppData\Local\Temp\mvninstall3660968925732693053.pom to C:\Users\Administrator\.m2\repository\javax\faces\jsf-impl\2.0.3\jsf-impl-2.0.3.pom
2016-10-06 12:44:58,351 [Worker-0] INFO  c.n.h.c.p.n.NettyAsyncHttpProvider - Number of application's worked threads is 8
2016-10-06 12:44:59,272 [New I/O client worker #26-1] INFO  o.e.m.c.i.e.AbstractTransferListenerAdapter - Downloaded http://repo.maven.apache.org/maven2/org/jboss/cache/jbosscache-core/3.1.0/jbosscache-core-3.1.0.jar
2016-10-06 12:44:59,286 [Worker-0] INFO  o.e.m.c.i.embedder.EclipseLogger - Installing D:\MyEclipse\configuration\org.eclipse.osgi\bundles\101\1\.cp\myeclipse-data\3.3\lib\extra\jbosscache2\jbosscache-core-3.1.0.GA.jar to C:\Users\Administrator\.m2\repository\org\jboss\cache\jbosscache-core\3.1.0\jbosscache-core-3.1.0.jar
2016-10-06 12:44:59,439 [Worker-0] INFO  o.e.m.c.i.embedder.EclipseLogger - Installing C:\Users\ADMINI~1\AppData\Local\Temp\mvninstall7900222279137253856.pom to C:\Users\Administrator\.m2\repository\org\jboss\cache\jbosscache-core\3.1.0\jbosscache-core-3.1.0.pom
2016-10-06 12:44:59,445 [Worker-0] INFO  c.n.h.c.p.n.NettyAsyncHttpProvider - Number of application's worked threads is 8
2016-10-06 12:45:00,303 [New I/O client worker #27-1] INFO  o.e.m.c.i.e.AbstractTransferListenerAdapter - Downloaded http://repo.maven.apache.org/maven2/javax/resource/connector/1.0/connector-1.0.jar
2016-10-06 12:45:00,315 [Worker-0] INFO  o.e.m.c.i.embedder.EclipseLogger - Installing D:\MyEclipse\configuration\org.eclipse.osgi\bundles\101\1\.cp\myeclipse-data\2.1\lib\extra\connector.jar to C:\Users\Administrator\.m2\repository\javax\resource\connector\1.0\connector-1.0.jar
2016-10-06 12:45:00,449 [Worker-0] INFO  o.e.m.c.i.embedder.EclipseLogger - Installing C:\Users\ADMINI~1\AppData\Local\Temp\mvninstall580022524650689446.pom to C:\Users\Administrator\.m2\repository\javax\resource\connector\1.0\connector-1.0.pom
2016-10-06 12:45:00,459 [Worker-0] INFO  c.n.h.c.p.n.NettyAsyncHttpProvider - Number of application's worked threads is 8
2016-10-06 12:45:01,311 [New I/O client worker #28-1] INFO  o.e.m.c.i.e.AbstractTransferListenerAdapter - Downloaded http://repo.maven.apache.org/maven2/javax/security/jacc/1.0/jacc-1.0.jar
2016-10-06 12:45:01,320 [Worker-0] INFO  o.e.m.c.i.embedder.EclipseLogger - Installing D:\MyEclipse\configuration\org.eclipse.osgi\bundles\101\1\.cp\myeclipse-data\3.0\lib\extra\jacc-1_0-fr.jar to C:\Users\Administrator\.m2\repository\javax\security\jacc\1.0\jacc-1.0.jar
2016-10-06 12:45:01,437 [Worker-0] INFO  o.e.m.c.i.embedder.EclipseLogger - Installing C:\Users\ADMINI~1\AppData\Local\Temp\mvninstall8994793069298100853.pom to C:\Users\Administrator\.m2\repository\javax\security\jacc\1.0\jacc-1.0.pom
2016-10-06 12:45:01,449 [Worker-0] INFO  c.n.h.c.p.n.NettyAsyncHttpProvider - Number of application's worked threads is 8
2016-10-06 12:45:02,455 [New I/O client worker #29-1] INFO  o.e.m.c.i.e.AbstractTransferListenerAdapter - Downloaded http://repo.maven.apache.org/maven2/javax/security/jaas/1.0.01/jaas-1.0.01.jar
2016-10-06 12:45:02,473 [Worker-0] INFO  o.e.m.c.i.embedder.EclipseLogger - Installing D:\MyEclipse\configuration\org.eclipse.osgi\bundles\101\1\.cp\myeclipse-data\3.0\lib\core\jaas.jar to C:\Users\Administrator\.m2\repository\javax\security\jaas\1.0.01\jaas-1.0.01.jar
2016-10-06 12:45:02,589 [Worker-0] INFO  o.e.m.c.i.embedder.EclipseLogger - Installing C:\Users\ADMINI~1\AppData\Local\Temp\mvninstall5339137823172863557.pom to C:\Users\Administrator\.m2\repository\javax\security\jaas\1.0.01\jaas-1.0.01.pom
2016-10-06 12:45:02,595 [Worker-0] INFO  c.n.h.c.p.n.NettyAsyncHttpProvider - Number of application's worked threads is 8
2016-10-06 12:45:03,437 [New I/O client worker #30-1] INFO  o.e.m.c.i.e.AbstractTransferListenerAdapter - Downloaded http://repo.maven.apache.org/maven2/javax/transaction/jta/1.0.1B/jta-1.0.1B.jar
2016-10-06 12:45:03,451 [Worker-0] INFO  o.e.m.c.i.embedder.EclipseLogger - Installing D:\MyEclipse\configuration\org.eclipse.osgi\bundles\101\1\.cp\myeclipse-data\2.1\lib\core\jta.jar to C:\Users\Administrator\.m2\repository\javax\transaction\jta\1.0.1B\jta-1.0.1B.jar
2016-10-06 12:45:03,570 [Worker-0] INFO  o.e.m.c.i.embedder.EclipseLogger - Installing C:\Users\ADMINI~1\AppData\Local\Temp\mvninstall7366724368795815778.pom to C:\Users\Administrator\.m2\repository\javax\transaction\jta\1.0.1B\jta-1.0.1B.pom
2016-10-06 12:45:03,583 [Worker-0] INFO  c.n.h.c.p.n.NettyAsyncHttpProvider - Number of application's worked threads is 8
2016-10-06 12:45:04,440 [New I/O client worker #31-1] INFO  o.e.m.c.i.e.AbstractTransferListenerAdapter - Downloaded http://repo.maven.apache.org/maven2/javassist/javassist/3.9.0/javassist-3.9.0.jar
2016-10-06 12:45:04,456 [Worker-0] INFO  o.e.m.c.i.embedder.EclipseLogger - Installing D:\MyEclipse\configuration\org.eclipse.osgi\bundles\101\1\.cp\myeclipse-data\3.3\lib\core\bytecode\javassist\javassist-3.9.0.GA.jar to C:\Users\Administrator\.m2\repository\javassist\javassist\3.9.0\javassist-3.9.0.jar
2016-10-06 12:45:04,664 [Worker-0] INFO  o.e.m.c.i.embedder.EclipseLogger - Installing C:\Users\ADMINI~1\AppData\Local\Temp\mvninstall7774600880976906791.pom to C:\Users\Administrator\.m2\repository\javassist\javassist\3.9.0\javassist-3.9.0.pom
2016-10-06 12:45:04,697 [Worker-0] INFO  c.n.h.c.p.n.NettyAsyncHttpProvider - Number of application's worked threads is 8
2016-10-06 12:45:05,559 [New I/O client worker #32-1] INFO  o.e.m.c.i.e.AbstractTransferListenerAdapter - Downloaded http://repo.maven.apache.org/maven2/org/hibernate/hibernate/3.3.2/hibernate-3.3.2.jar
2016-10-06 12:45:05,574 [Worker-0] INFO  o.e.m.c.i.embedder.EclipseLogger - Installing D:\MyEclipse\configuration\org.eclipse.osgi\bundles\101\1\.cp\myeclipse-data\3.3\lib\core\hibernate3.jar to C:\Users\Administrator\.m2\repository\org\hibernate\hibernate\3.3.2\hibernate-3.3.2.jar
2016-10-06 12:45:05,729 [Worker-0] INFO  o.e.m.c.i.embedder.EclipseLogger - Installing C:\Users\ADMINI~1\AppData\Local\Temp\mvninstall8021835080432256606.pom to C:\Users\Administrator\.m2\repository\org\hibernate\hibernate\3.3.2\hibernate-3.3.2.pom
2016-10-06 12:45:05,751 [Worker-0] INFO  c.n.h.c.p.n.NettyAsyncHttpProvider - Number of application's worked threads is 8
2016-10-06 12:45:06,617 [New I/O client worker #33-1] INFO  o.e.m.c.i.e.AbstractTransferListenerAdapter - Downloaded http://repo.maven.apache.org/maven2/org/eclipse/persistence/javax.persistence/2.0.1/javax.persistence-2.0.1.jar
2016-10-06 12:45:06,634 [Worker-0] INFO  o.e.m.c.i.embedder.EclipseLogger - Installing D:\MyEclipse\configuration\org.eclipse.osgi\bundles\103\1\.cp\data\eclipselink\2.1\javax.persistence_2.0.1.v201006031150.jar to C:\Users\Administrator\.m2\repository\org\eclipse\persistence\javax.persistence\2.0.1\javax.persistence-2.0.1.jar
2016-10-06 12:45:06,938 [Worker-0] INFO  o.e.m.c.i.embedder.EclipseLogger - Installing C:\Users\ADMINI~1\AppData\Local\Temp\mvninstall3893481580246302697.pom to C:\Users\Administrator\.m2\repository\org\eclipse\persistence\javax.persistence\2.0.1\javax.persistence-2.0.1.pom
2016-10-06 12:45:06,943 [Worker-0] INFO  c.n.h.c.p.n.NettyAsyncHttpProvider - Number of application's worked threads is 8
2016-10-06 12:45:07,798 [New I/O client worker #34-1] INFO  o.e.m.c.i.e.AbstractTransferListenerAdapter - Downloaded http://repo.maven.apache.org/maven2/org/eclipse/persistence/eclipselink/2.1/eclipselink-2.1.jar
2016-10-06 12:45:07,816 [Worker-0] INFO  o.e.m.c.i.embedder.EclipseLogger - Installing D:\MyEclipse\configuration\org.eclipse.osgi\bundles\103\1\.cp\data\eclipselink\2.1\eclipselink.jar to C:\Users\Administrator\.m2\repository\org\eclipse\persistence\eclipselink\2.1\eclipselink-2.1.jar
2016-10-06 12:45:08,046 [Worker-0] INFO  o.e.m.c.i.embedder.EclipseLogger - Installing C:\Users\ADMINI~1\AppData\Local\Temp\mvninstall1461502914287212744.pom to C:\Users\Administrator\.m2\repository\org\eclipse\persistence\eclipselink\2.1\eclipselink-2.1.pom
2016-10-06 12:45:08,052 [Worker-0] INFO  c.n.h.c.p.n.NettyAsyncHttpProvider - Number of application's worked threads is 8
2016-10-06 12:45:08,871 [New I/O client worker #35-1] INFO  o.e.m.c.i.e.AbstractTransferListenerAdapter - Downloaded http://repo.maven.apache.org/maven2/org/eclipse/persistence/eclipselink-jpa-modelgen/2.1/eclipselink-jpa-modelgen-2.1.jar
2016-10-06 12:45:08,885 [Worker-0] INFO  o.e.m.c.i.embedder.EclipseLogger - Installing D:\MyEclipse\configuration\org.eclipse.osgi\bundles\103\1\.cp\data\eclipselink\2.1\eclipselink-jpa-modelgen_2.1.1.v20100817-r8050.jar to C:\Users\Administrator\.m2\repository\org\eclipse\persistence\eclipselink-jpa-modelgen\2.1\eclipselink-jpa-modelgen-2.1.jar
2016-10-06 12:45:09,011 [Worker-0] INFO  o.e.m.c.i.embedder.EclipseLogger - Installing C:\Users\ADMINI~1\AppData\Local\Temp\mvninstall4394832543445760948.pom to C:\Users\Administrator\.m2\repository\org\eclipse\persistence\eclipselink-jpa-modelgen\2.1\eclipselink-jpa-modelgen-2.1.pom
2016-10-06 12:45:09,016 [Worker-0] INFO  c.n.h.c.p.n.NettyAsyncHttpProvider - Number of application's worked threads is 8
2016-10-06 12:45:09,862 [New I/O client worker #36-1] INFO  o.e.m.c.i.e.AbstractTransferListenerAdapter - Downloaded http://repo.maven.apache.org/maven2/org/eclipse/persistence/eclipselink-jpa-modelgen/2.5.1/eclipselink-jpa-modelgen-2.5.1.jar
2016-10-06 12:45:09,873 [Worker-0] INFO  o.e.m.c.i.embedder.EclipseLogger - Installing D:\MyEclipse\configuration\org.eclipse.osgi\bundles\103\1\.cp\data\eclipselink\2.5\org.eclipse.persistence.jpa.modelgen_2.5.1.v20130918-f2b9fc5.jar to C:\Users\Administrator\.m2\repository\org\eclipse\persistence\eclipselink-jpa-modelgen\2.5.1\eclipselink-jpa-modelgen-2.5.1.jar
2016-10-06 12:45:09,999 [Worker-0] INFO  o.e.m.c.i.embedder.EclipseLogger - Installing C:\Users\ADMINI~1\AppData\Local\Temp\mvninstall6117003987511850700.pom to C:\Users\Administrator\.m2\repository\org\eclipse\persistence\eclipselink-jpa-modelgen\2.5.1\eclipselink-jpa-modelgen-2.5.1.pom
2016-10-06 12:45:10,005 [Worker-0] INFO  c.n.h.c.p.n.NettyAsyncHttpProvider - Number of application's worked threads is 8
2016-10-06 12:45:10,893 [New I/O client worker #37-1] INFO  o.e.m.c.i.e.AbstractTransferListenerAdapter - Downloaded http://repo.maven.apache.org/maven2/jexcelapi/jxl/2.6.9/jxl-2.6.9.jar
2016-10-06 12:45:10,912 [Worker-0] INFO  o.e.m.c.i.embedder.EclipseLogger - Installing D:\MyEclipse\configuration\org.eclipse.osgi\bundles\104\1\.cp\data\2.5\lib\jexcelapi\jxl.jar to C:\Users\Administrator\.m2\repository\jexcelapi\jxl\2.6.9\jxl-2.6.9.jar
2016-10-06 12:45:11,410 [Worker-0] INFO  o.e.m.c.i.embedder.EclipseLogger - Installing C:\Users\ADMINI~1\AppData\Local\Temp\mvninstall1464836449810615068.pom to C:\Users\Administrator\.m2\repository\jexcelapi\jxl\2.6.9\jxl-2.6.9.pom
2016-10-06 12:45:11,425 [Worker-0] INFO  c.n.h.c.p.n.NettyAsyncHttpProvider - Number of application's worked threads is 8
2016-10-06 12:45:12,311 [New I/O client worker #38-1] INFO  o.e.m.c.i.e.AbstractTransferListenerAdapter - Downloaded http://repo.maven.apache.org/maven2/com/jamonapi/jamon/2.7/jamon-2.7.jar
2016-10-06 12:45:12,328 [Worker-0] INFO  o.e.m.c.i.embedder.EclipseLogger - Installing D:\MyEclipse\configuration\org.eclipse.osgi\bundles\104\1\.cp\data\2.5\lib\jamon\jamon-2.7.jar to C:\Users\Administrator\.m2\repository\com\jamonapi\jamon\2.7\jamon-2.7.jar
2016-10-06 12:45:12,562 [Worker-0] INFO  o.e.m.c.i.embedder.EclipseLogger - Installing C:\Users\ADMINI~1\AppData\Local\Temp\mvninstall6252572078986595951.pom to C:\Users\Administrator\.m2\repository\com\jamonapi\jamon\2.7\jamon-2.7.pom
2016-10-06 12:45:12,586 [Worker-0] INFO  c.n.h.c.p.n.NettyAsyncHttpProvider - Number of application's worked threads is 8
2016-10-06 12:45:13,471 [New I/O client worker #39-1] INFO  o.e.m.c.i.e.AbstractTransferListenerAdapter - Downloaded http://repo.maven.apache.org/maven2/org/ow2/easybeans/quartz/1.6.1/quartz-1.6.1.jar
2016-10-06 12:45:13,479 [Worker-0] INFO  o.e.m.c.i.embedder.EclipseLogger - Installing D:\MyEclipse\configuration\org.eclipse.osgi\bundles\104\1\.cp\data\2.5\lib\quartz\quartz-all-1.6.1.jar to C:\Users\Administrator\.m2\repository\org\ow2\easybeans\quartz\1.6.1\quartz-1.6.1.jar
2016-10-06 12:45:13,818 [Worker-0] INFO  o.e.m.c.i.embedder.EclipseLogger - Installing C:\Users\ADMINI~1\AppData\Local\Temp\mvninstall2115071317607891499.pom to C:\Users\Administrator\.m2\repository\org\ow2\easybeans\quartz\1.6.1\quartz-1.6.1.pom
2016-10-06 12:45:13,861 [Worker-0] INFO  c.n.h.c.p.n.NettyAsyncHttpProvider - Number of application's worked threads is 8
2016-10-06 12:45:14,744 [New I/O client worker #40-1] INFO  o.e.m.c.i.e.AbstractTransferListenerAdapter - Downloaded http://repo.maven.apache.org/maven2/org/springframework/javaconfig/spring-javaconfig/1.0.0.m4/spring-javaconfig-1.0.0.m4.jar
2016-10-06 12:45:14,757 [Worker-0] INFO  o.e.m.c.i.embedder.EclipseLogger - Installing D:\MyEclipse\configuration\org.eclipse.osgi\bundles\104\1\.cp\data\javaconfig\org.springframework.config.java-1.0.0.M4.jar to C:\Users\Administrator\.m2\repository\org\springframework\javaconfig\spring-javaconfig\1.0.0.m4\spring-javaconfig-1.0.0.m4.jar
2016-10-06 12:45:14,904 [Worker-0] INFO  o.e.m.c.i.embedder.EclipseLogger - Installing C:\Users\ADMINI~1\AppData\Local\Temp\mvninstall7467625923860269471.pom to C:\Users\Administrator\.m2\repository\org\springframework\javaconfig\spring-javaconfig\1.0.0.m4\spring-javaconfig-1.0.0.m4.pom
2016-10-06 12:45:14,909 [Worker-0] INFO  c.n.h.c.p.n.NettyAsyncHttpProvider - Number of application's worked threads is 8
2016-10-06 12:45:15,816 [New I/O client worker #41-1] INFO  o.e.m.c.i.e.AbstractTransferListenerAdapter - Downloaded http://repo.maven.apache.org/maven2/com/sun/jmx/jmxri/1.2.1/jmxri-1.2.1.jar
2016-10-06 12:45:15,829 [Worker-0] INFO  o.e.m.c.i.embedder.EclipseLogger - Installing D:\MyEclipse\configuration\org.eclipse.osgi\bundles\104\1\.cp\data\1.2\lib\dependencies\jmx\jmxri.jar to C:\Users\Administrator\.m2\repository\com\sun\jmx\jmxri\1.2.1\jmxri-1.2.1.jar
2016-10-06 12:45:16,036 [Worker-0] INFO  o.e.m.c.i.embedder.EclipseLogger - Installing C:\Users\ADMINI~1\AppData\Local\Temp\mvninstall1441304389194801154.pom to C:\Users\Administrator\.m2\repository\com\sun\jmx\jmxri\1.2.1\jmxri-1.2.1.pom
2016-10-06 12:45:16,041 [Worker-0] INFO  c.n.h.c.p.n.NettyAsyncHttpProvider - Number of application's worked threads is 8
2016-10-06 12:45:16,911 [New I/O client worker #42-1] INFO  o.e.m.c.i.e.AbstractTransferListenerAdapter - Downloaded http://repo.maven.apache.org/maven2/javax/management/jmxremote/1.0.1_04/jmxremote-1.0.1_04.jar
2016-10-06 12:45:16,922 [Worker-0] INFO  o.e.m.c.i.embedder.EclipseLogger - Installing D:\MyEclipse\configuration\org.eclipse.osgi\bundles\104\1\.cp\data\1.2\lib\dependencies\jmx\jmxremote.jar to C:\Users\Administrator\.m2\repository\javax\management\jmxremote\1.0.1_04\jmxremote-1.0.1_04.jar
2016-10-06 12:45:17,073 [Worker-0] INFO  o.e.m.c.i.embedder.EclipseLogger - Installing C:\Users\ADMINI~1\AppData\Local\Temp\mvninstall4703903365182683227.pom to C:\Users\Administrator\.m2\repository\javax\management\jmxremote\1.0.1_04\jmxremote-1.0.1_04.pom
2016-10-06 12:45:17,082 [Worker-0] INFO  c.n.h.c.p.n.NettyAsyncHttpProvider - Number of application's worked threads is 8
2016-10-06 12:45:18,003 [New I/O client worker #43-1] INFO  o.e.m.c.i.e.AbstractTransferListenerAdapter - Downloaded http://repo.maven.apache.org/maven2/javax/management/jmxremote_optional/1.0.1_04/jmxremote_optional-1.0.1_04.jar
2016-10-06 12:45:18,018 [Worker-0] INFO  o.e.m.c.i.embedder.EclipseLogger - Installing D:\MyEclipse\configuration\org.eclipse.osgi\bundles\104\1\.cp\data\1.2\lib\dependencies\jmx\jmxremote_optional.jar to C:\Users\Administrator\.m2\repository\javax\management\jmxremote_optional\1.0.1_04\jmxremote_optional-1.0.1_04.jar
2016-10-06 12:45:18,120 [Worker-0] INFO  o.e.m.c.i.embedder.EclipseLogger - Installing C:\Users\ADMINI~1\AppData\Local\Temp\mvninstall6595244738248348949.pom to C:\Users\Administrator\.m2\repository\javax\management\jmxremote_optional\1.0.1_04\jmxremote_optional-1.0.1_04.pom
2016-10-06 12:45:18,126 [Worker-0] INFO  c.n.h.c.p.n.NettyAsyncHttpProvider - Number of application's worked threads is 8
2016-10-06 12:45:19,003 [New I/O client worker #44-1] INFO  o.e.m.c.i.e.AbstractTransferListenerAdapter - Downloaded http://repo.maven.apache.org/maven2/javax/management/jmxri/1.2.1/jmxri-1.2.1.jar
2016-10-06 12:45:19,015 [Worker-0] INFO  o.e.m.c.i.embedder.EclipseLogger - Installing D:\MyEclipse\configuration\org.eclipse.osgi\bundles\104\1\.cp\data\1.2\lib\dependencies\jmx\jmxri.jar to C:\Users\Administrator\.m2\repository\javax\management\jmxri\1.2.1\jmxri-1.2.1.jar
2016-10-06 12:45:19,207 [Worker-0] INFO  o.e.m.c.i.embedder.EclipseLogger - Installing C:\Users\ADMINI~1\AppData\Local\Temp\mvninstall7976580980492922257.pom to C:\Users\Administrator\.m2\repository\javax\management\jmxri\1.2.1\jmxri-1.2.1.pom
2016-10-06 12:45:19,212 [Worker-0] INFO  c.n.h.c.p.n.NettyAsyncHttpProvider - Number of application's worked threads is 8
2016-10-06 12:45:20,109 [New I/O client worker #45-1] INFO  o.e.m.c.i.e.AbstractTransferListenerAdapter - Downloaded http://repo.maven.apache.org/maven2/jdo/jdo/1.0.1/jdo-1.0.1.jar
2016-10-06 12:45:20,124 [Worker-0] INFO  o.e.m.c.i.embedder.EclipseLogger - Installing D:\MyEclipse\configuration\org.eclipse.osgi\bundles\104\1\.cp\data\1.2\lib\dependencies\jdo\jdo2.jar to C:\Users\Administrator\.m2\repository\jdo\jdo\1.0.1\jdo-1.0.1.jar
2016-10-06 12:45:20,317 [Worker-0] INFO  o.e.m.c.i.embedder.EclipseLogger - Installing C:\Users\ADMINI~1\AppData\Local\Temp\mvninstall5343355961096700371.pom to C:\Users\Administrator\.m2\repository\jdo\jdo\1.0.1\jdo-1.0.1.pom
2016-10-06 12:45:20,322 [Worker-0] INFO  c.n.h.c.p.n.NettyAsyncHttpProvider - Number of application's worked threads is 8
2016-10-06 12:45:21,179 [New I/O client worker #46-1] INFO  o.e.m.c.i.e.AbstractTransferListenerAdapter - Downloaded http://repo.maven.apache.org/maven2/com/bea/wlplatform/commonj-twm/1.1/commonj-twm-1.1.jar
2016-10-06 12:45:21,188 [Worker-0] INFO  o.e.m.c.i.embedder.EclipseLogger - Installing D:\MyEclipse\configuration\org.eclipse.osgi\bundles\104\1\.cp\data\2.0\lib\commonj\commonj-twm.jar to C:\Users\Administrator\.m2\repository\com\bea\wlplatform\commonj-twm\1.1\commonj-twm-1.1.jar
2016-10-06 12:45:21,293 [Worker-0] INFO  o.e.m.c.i.embedder.EclipseLogger - Installing C:\Users\ADMINI~1\AppData\Local\Temp\mvninstall4990250236985442409.pom to C:\Users\Administrator\.m2\repository\com\bea\wlplatform\commonj-twm\1.1\commonj-twm-1.1.pom
2016-10-06 12:45:21,306 [Worker-0] INFO  c.n.h.c.p.n.NettyAsyncHttpProvider - Number of application's worked threads is 8
2016-10-06 12:45:22,218 [New I/O client worker #47-1] INFO  o.e.m.c.i.e.AbstractTransferListenerAdapter - Downloaded http://repo.maven.apache.org/maven2/com/oracle/toplink/toplink/10.1.3/toplink-10.1.3.jar
2016-10-06 12:45:22,229 [Worker-0] INFO  o.e.m.c.i.embedder.EclipseLogger - Installing D:\MyEclipse\configuration\org.eclipse.osgi\bundles\104\1\.cp\data\2.0\lib\toplink\toplink-api.jar to C:\Users\Administrator\.m2\repository\com\oracle\toplink\toplink\10.1.3\toplink-10.1.3.jar
2016-10-06 12:45:22,346 [Worker-0] INFO  o.e.m.c.i.embedder.EclipseLogger - Installing C:\Users\ADMINI~1\AppData\Local\Temp\mvninstall8595891336122293531.pom to C:\Users\Administrator\.m2\repository\com\oracle\toplink\toplink\10.1.3\toplink-10.1.3.pom
2016-10-06 12:45:22,372 [Worker-0] INFO  c.n.h.c.p.n.NettyAsyncHttpProvider - Number of application's worked threads is 8
2016-10-06 12:45:23,246 [New I/O client worker #48-1] INFO  o.e.m.c.i.e.AbstractTransferListenerAdapter - Downloaded http://repo.maven.apache.org/maven2/org/codehaus/groovy/1.0/groovy-1.0.jar
2016-10-06 12:45:23,259 [Worker-0] INFO  o.e.m.c.i.embedder.EclipseLogger - Installing D:\MyEclipse\configuration\org.eclipse.osgi\bundles\104\1\.cp\data\2.0\lib\groovy\groovy-1.0.jar to C:\Users\Administrator\.m2\repository\org\codehaus\groovy\1.0\groovy-1.0.jar
2016-10-06 12:45:23,443 [Worker-0] INFO  o.e.m.c.i.embedder.EclipseLogger - Installing C:\Users\ADMINI~1\AppData\Local\Temp\mvninstall737071900679074766.pom to C:\Users\Administrator\.m2\repository\org\codehaus\groovy\1.0\groovy-1.0.pom
2016-10-06 12:45:23,449 [Worker-0] INFO  c.n.h.c.p.n.NettyAsyncHttpProvider - Number of application's worked threads is 8
2016-10-06 12:45:24,343 [New I/O client worker #49-1] INFO  o.e.m.c.i.e.AbstractTransferListenerAdapter - Downloaded http://repo.maven.apache.org/maven2/org/springframework/security/org.springframework.security.core/3.0.5.RELEASE/org.springframework.security.core-3.0.5.RELEASE.jar
2016-10-06 12:45:24,363 [Worker-0] INFO  o.e.m.c.i.embedder.EclipseLogger - Installing D:\MyEclipse\configuration\org.eclipse.osgi\bundles\105\1\.cp\data\security-3.0\spring-security-core-3.0.5.RELEASE.jar to C:\Users\Administrator\.m2\repository\org\springframework\security\org.springframework.security.core\3.0.5.RELEASE\org.springframework.security.core-3.0.5.RELEASE.jar
2016-10-06 12:45:24,532 [Worker-0] INFO  o.e.m.c.i.embedder.EclipseLogger - Installing C:\Users\ADMINI~1\AppData\Local\Temp\mvninstall347098568168177490.pom to C:\Users\Administrator\.m2\repository\org\springframework\security\org.springframework.security.core\3.0.5.RELEASE\org.springframework.security.core-3.0.5.RELEASE.pom
2016-10-06 12:45:24,572 [Worker-0] INFO  c.n.h.c.p.n.NettyAsyncHttpProvider - Number of application's worked threads is 8
2016-10-06 12:45:25,465 [New I/O client worker #50-1] INFO  o.e.m.c.i.e.AbstractTransferListenerAdapter - Downloaded http://repo.maven.apache.org/maven2/org/springframework/security/org.springframework.security.web/3.0.5.RELEASE/org.springframework.security.web-3.0.5.RELEASE.jar
2016-10-06 12:45:25,491 [Worker-0] INFO  o.e.m.c.i.embedder.EclipseLogger - Installing D:\MyEclipse\configuration\org.eclipse.osgi\bundles\105\1\.cp\data\security-3.0\spring-security-web-3.0.5.RELEASE.jar to C:\Users\Administrator\.m2\repository\org\springframework\security\org.springframework.security.web\3.0.5.RELEASE\org.springframework.security.web-3.0.5.RELEASE.jar
2016-10-06 12:45:25,585 [Worker-0] INFO  o.e.m.c.i.embedder.EclipseLogger - Installing C:\Users\ADMINI~1\AppData\Local\Temp\mvninstall1774810904652020776.pom to C:\Users\Administrator\.m2\repository\org\springframework\security\org.springframework.security.web\3.0.5.RELEASE\org.springframework.security.web-3.0.5.RELEASE.pom
2016-10-06 12:45:25,590 [Worker-0] INFO  c.n.h.c.p.n.NettyAsyncHttpProvider - Number of application's worked threads is 8
2016-10-06 12:45:26,408 [New I/O client worker #51-1] INFO  o.e.m.c.i.e.AbstractTransferListenerAdapter - Downloaded http://repo.maven.apache.org/maven2/org/springframework/security/org.springframework.security.config/3.0.5.RELEASE/org.springframework.security.config-3.0.5.RELEASE.jar
2016-10-06 12:45:26,422 [Worker-0] INFO  o.e.m.c.i.embedder.EclipseLogger - Installing D:\MyEclipse\configuration\org.eclipse.osgi\bundles\105\1\.cp\data\security-3.0\spring-security-config-3.0.5.RELEASE.jar to C:\Users\Administrator\.m2\repository\org\springframework\security\org.springframework.security.config\3.0.5.RELEASE\org.springframework.security.config-3.0.5.RELEASE.jar
2016-10-06 12:45:26,549 [Worker-0] INFO  o.e.m.c.i.embedder.EclipseLogger - Installing C:\Users\ADMINI~1\AppData\Local\Temp\mvninstall2139192206407251250.pom to C:\Users\Administrator\.m2\repository\org\springframework\security\org.springframework.security.config\3.0.5.RELEASE\org.springframework.security.config-3.0.5.RELEASE.pom
2016-10-06 12:45:26,555 [Worker-0] INFO  c.n.h.c.p.n.NettyAsyncHttpProvider - Number of application's worked threads is 8
2016-10-06 12:45:27,404 [New I/O client worker #52-1] INFO  o.e.m.c.i.e.AbstractTransferListenerAdapter - Downloaded http://repo.maven.apache.org/maven2/org/springframework/security/org.springframework.security.ldap/3.0.5.RELEASE/org.springframework.security.ldap-3.0.5.RELEASE.jar
2016-10-06 12:45:27,412 [Worker-0] INFO  o.e.m.c.i.embedder.EclipseLogger - Installing D:\MyEclipse\configuration\org.eclipse.osgi\bundles\105\1\.cp\data\security-3.0\spring-security-ldap-3.0.5.RELEASE.jar to C:\Users\Administrator\.m2\repository\org\springframework\security\org.springframework.security.ldap\3.0.5.RELEASE\org.springframework.security.ldap-3.0.5.RELEASE.jar
2016-10-06 12:45:27,515 [Worker-0] INFO  o.e.m.c.i.embedder.EclipseLogger - Installing C:\Users\ADMINI~1\AppData\Local\Temp\mvninstall7747904854644457809.pom to C:\Users\Administrator\.m2\repository\org\springframework\security\org.springframework.security.ldap\3.0.5.RELEASE\org.springframework.security.ldap-3.0.5.RELEASE.pom
2016-10-06 12:45:27,521 [Worker-0] INFO  c.n.h.c.p.n.NettyAsyncHttpProvider - Number of application's worked threads is 8
2016-10-06 12:45:28,346 [New I/O client worker #53-1] INFO  o.e.m.c.i.e.AbstractTransferListenerAdapter - Downloaded http://repo.maven.apache.org/maven2/org/springframework/security/org.springframework.security.taglibs/3.0.5.RELEASE/org.springframework.security.taglibs-3.0.5.RELEASE.jar
2016-10-06 12:45:28,365 [Worker-0] INFO  o.e.m.c.i.embedder.EclipseLogger - Installing D:\MyEclipse\configuration\org.eclipse.osgi\bundles\105\1\.cp\data\security-3.0\spring-security-taglibs-3.0.5.RELEASE.jar to C:\Users\Administrator\.m2\repository\org\springframework\security\org.springframework.security.taglibs\3.0.5.RELEASE\org.springframework.security.taglibs-3.0.5.RELEASE.jar
2016-10-06 12:45:28,515 [Worker-0] INFO  o.e.m.c.i.embedder.EclipseLogger - Installing C:\Users\ADMINI~1\AppData\Local\Temp\mvninstall6906318687194310322.pom to C:\Users\Administrator\.m2\repository\org\springframework\security\org.springframework.security.taglibs\3.0.5.RELEASE\org.springframework.security.taglibs-3.0.5.RELEASE.pom
2016-10-06 12:45:28,522 [Worker-0] INFO  c.n.h.c.p.n.NettyAsyncHttpProvider - Number of application's worked threads is 8
2016-10-06 12:45:29,399 [New I/O client worker #54-1] INFO  o.e.m.c.i.e.AbstractTransferListenerAdapter - Downloaded http://repo.maven.apache.org/maven2/com/bea/commonj/com.springsource.commonj/1.1.0/com.springsource.commonj-1.1.0.jar
2016-10-06 12:45:29,413 [Worker-0] INFO  o.e.m.c.i.embedder.EclipseLogger - Installing D:\MyEclipse\configuration\org.eclipse.osgi\bundles\105\1\.cp\data\3.0\lib\misc\com.springsource.commonj-1.1.0.jar to C:\Users\Administrator\.m2\repository\com\bea\commonj\com.springsource.commonj\1.1.0\com.springsource.commonj-1.1.0.jar
2016-10-06 12:45:29,568 [Worker-0] INFO  o.e.m.c.i.embedder.EclipseLogger - Installing C:\Users\ADMINI~1\AppData\Local\Temp\mvninstall1418890965902324443.pom to C:\Users\Administrator\.m2\repository\com\bea\commonj\com.springsource.commonj\1.1.0\com.springsource.commonj-1.1.0.pom
2016-10-06 12:45:29,580 [Worker-0] INFO  c.n.h.c.p.n.NettyAsyncHttpProvider - Number of application's worked threads is 8
2016-10-06 12:45:30,428 [New I/O client worker #55-1] INFO  o.e.m.c.i.e.AbstractTransferListenerAdapter - Downloaded http://repo.maven.apache.org/maven2/com/opensymphony/quartz/com.springsource.org.quartz/1.6.2/com.springsource.org.quartz-1.6.2.jar
2016-10-06 12:45:30,444 [Worker-0] INFO  o.e.m.c.i.embedder.EclipseLogger - Installing D:\MyEclipse\configuration\org.eclipse.osgi\bundles\105\1\.cp\data\3.0\lib\misc\com.springsource.org.quartz-1.6.2.jar to C:\Users\Administrator\.m2\repository\com\opensymphony\quartz\com.springsource.org.quartz\1.6.2\com.springsource.org.quartz-1.6.2.jar
2016-10-06 12:45:30,588 [Worker-0] INFO  o.e.m.c.i.embedder.EclipseLogger - Installing C:\Users\ADMINI~1\AppData\Local\Temp\mvninstall8505633466056505587.pom to C:\Users\Administrator\.m2\repository\com\opensymphony\quartz\com.springsource.org.quartz\1.6.2\com.springsource.org.quartz-1.6.2.pom
2016-10-06 12:45:30,593 [Worker-0] INFO  c.n.h.c.p.n.NettyAsyncHttpProvider - Number of application's worked threads is 8
2016-10-06 12:45:31,478 [New I/O client worker #56-1] INFO  o.e.m.c.i.e.AbstractTransferListenerAdapter - Downloaded http://repo.maven.apache.org/maven2/javax/jdo/jdo2-api/2.1.0/jdo2-api-2.1.0.jar
2016-10-06 12:45:31,492 [Worker-0] INFO  o.e.m.c.i.embedder.EclipseLogger - Installing D:\MyEclipse\configuration\org.eclipse.osgi\bundles\105\1\.cp\data\3.0\lib\persistJDO\com.springsource.javax.jdo-2.1.0.jar to C:\Users\Administrator\.m2\repository\javax\jdo\jdo2-api\2.1.0\jdo2-api-2.1.0.jar
2016-10-06 12:45:31,621 [Worker-0] INFO  o.e.m.c.i.embedder.EclipseLogger - Installing C:\Users\ADMINI~1\AppData\Local\Temp\mvninstall8868047553780525408.pom to C:\Users\Administrator\.m2\repository\javax\jdo\jdo2-api\2.1.0\jdo2-api-2.1.0.pom
2016-10-06 12:45:31,626 [Worker-0] INFO  c.n.h.c.p.n.NettyAsyncHttpProvider - Number of application's worked threads is 8
2016-10-06 12:45:32,567 [New I/O client worker #57-1] INFO  o.e.m.c.i.e.AbstractTransferListenerAdapter - Downloaded http://repo.maven.apache.org/maven2/com/caucho/com.springsource.com.caucho/3.2.1/com.springsource.com.caucho-3.2.1.jar
2016-10-06 12:45:32,584 [Worker-0] INFO  o.e.m.c.i.embedder.EclipseLogger - Installing D:\MyEclipse\configuration\org.eclipse.osgi\bundles\105\1\.cp\data\3.0\lib\remoting\com.springsource.com.caucho-3.2.1.jar to C:\Users\Administrator\.m2\repository\com\caucho\com.springsource.com.caucho\3.2.1\com.springsource.com.caucho-3.2.1.jar
2016-10-06 12:45:32,720 [Worker-0] INFO  o.e.m.c.i.embedder.EclipseLogger - Installing C:\Users\ADMINI~1\AppData\Local\Temp\mvninstall8892790537104958788.pom to C:\Users\Administrator\.m2\repository\com\caucho\com.springsource.com.caucho\3.2.1\com.springsource.com.caucho-3.2.1.pom
2016-10-06 12:45:32,730 [Worker-0] INFO  c.n.h.c.p.n.NettyAsyncHttpProvider - Number of application's worked threads is 8
2016-10-06 12:45:33,597 [New I/O client worker #58-1] INFO  o.e.m.c.i.e.AbstractTransferListenerAdapter - Downloaded http://repo.maven.apache.org/maven2/org/codehaus/jackson/com.springsource.org.codehaus.jackson.mapper/1.0.0/com.springsource.org.codehaus.jackson.mapper-1.0.0.jar
2016-10-06 12:45:33,614 [Worker-0] INFO  o.e.m.c.i.embedder.EclipseLogger - Installing D:\MyEclipse\configuration\org.eclipse.osgi\bundles\105\1\.cp\data\3.0\lib\web\com.springsource.org.codehaus.jackson.mapper-1.0.0.jar to C:\Users\Administrator\.m2\repository\org\codehaus\jackson\com.springsource.org.codehaus.jackson.mapper\1.0.0\com.springsource.org.codehaus.jackson.mapper-1.0.0.jar
2016-10-06 12:45:33,786 [Worker-0] INFO  o.e.m.c.i.embedder.EclipseLogger - Installing C:\Users\ADMINI~1\AppData\Local\Temp\mvninstall1237318848560608866.pom to C:\Users\Administrator\.m2\repository\org\codehaus\jackson\com.springsource.org.codehaus.jackson.mapper\1.0.0\com.springsource.org.codehaus.jackson.mapper-1.0.0.pom
2016-10-06 12:45:33,798 [Worker-0] INFO  c.n.h.c.p.n.NettyAsyncHttpProvider - Number of application's worked threads is 8
2016-10-06 12:45:34,662 [New I/O client worker #59-1] INFO  o.e.m.c.i.e.AbstractTransferListenerAdapter - Downloaded http://repo.maven.apache.org/maven2/org/junit/com.springsource.org.junit/4.7.0/com.springsource.org.junit-4.7.0.jar
2016-10-06 12:45:34,681 [Worker-0] INFO  o.e.m.c.i.embedder.EclipseLogger - Installing D:\MyEclipse\configuration\org.eclipse.osgi\bundles\105\1\.cp\data\3.0\lib\test\com.springsource.org.junit-4.7.0.jar to C:\Users\Administrator\.m2\repository\org\junit\com.springsource.org.junit\4.7.0\com.springsource.org.junit-4.7.0.jar
2016-10-06 12:45:34,905 [Worker-0] INFO  o.e.m.c.i.embedder.EclipseLogger - Installing C:\Users\ADMINI~1\AppData\Local\Temp\mvninstall745281887167697185.pom to C:\Users\Administrator\.m2\repository\org\junit\com.springsource.org.junit\4.7.0\com.springsource.org.junit-4.7.0.pom
2016-10-06 12:45:34,915 [Worker-0] INFO  c.n.h.c.p.n.NettyAsyncHttpProvider - Number of application's worked threads is 8
2016-10-06 12:45:35,757 [New I/O client worker #60-1] INFO  o.e.m.c.i.e.AbstractTransferListenerAdapter - Downloaded http://repo.maven.apache.org/maven2/javax/inject/com.springsource.javax.inject/1.0.0/com.springsource.javax.inject-1.0.0.jar
2016-10-06 12:45:35,768 [Worker-0] INFO  o.e.m.c.i.embedder.EclipseLogger - Installing D:\MyEclipse\configuration\org.eclipse.osgi\bundles\105\1\.cp\data\3.0\lib\test\com.springsource.javax.inject-1.0.0.jar to C:\Users\Administrator\.m2\repository\javax\inject\com.springsource.javax.inject\1.0.0\com.springsource.javax.inject-1.0.0.jar
2016-10-06 12:45:35,915 [Worker-0] INFO  o.e.m.c.i.embedder.EclipseLogger - Installing C:\Users\ADMINI~1\AppData\Local\Temp\mvninstall1556035660730595715.pom to C:\Users\Administrator\.m2\repository\javax\inject\com.springsource.javax.inject\1.0.0\com.springsource.javax.inject-1.0.0.pom
2016-10-06 12:45:35,934 [Worker-0] INFO  c.n.h.c.p.n.NettyAsyncHttpProvider - Number of application's worked threads is 8
2016-10-06 12:45:36,795 [New I/O client worker #61-1] INFO  o.e.m.c.i.e.AbstractTransferListenerAdapter - Downloaded http://repo.maven.apache.org/maven2/org/apache/commons/com.springsource.org.apache.commons.lang/2.4.0/com.springsource.org.apache.commons.lang-2.4.0.jar
2016-10-06 12:45:36,803 [Worker-0] INFO  o.e.m.c.i.embedder.EclipseLogger - Installing D:\MyEclipse\configuration\org.eclipse.osgi\bundles\105\1\.cp\data\3.0\lib\persistJdbc\com.springsource.org.apache.commons.lang-2.4.0.jar to C:\Users\Administrator\.m2\repository\org\apache\commons\com.springsource.org.apache.commons.lang\2.4.0\com.springsource.org.apache.commons.lang-2.4.0.jar
2016-10-06 12:45:37,023 [Worker-0] INFO  o.e.m.c.i.embedder.EclipseLogger - Installing C:\Users\ADMINI~1\AppData\Local\Temp\mvninstall4448214701569003425.pom to C:\Users\Administrator\.m2\repository\org\apache\commons\com.springsource.org.apache.commons.lang\2.4.0\com.springsource.org.apache.commons.lang-2.4.0.pom
2016-10-06 12:45:37,028 [Worker-0] INFO  c.n.h.c.p.n.NettyAsyncHttpProvider - Number of application's worked threads is 8
2016-10-06 12:45:37,914 [New I/O client worker #62-1] INFO  o.e.m.c.i.e.AbstractTransferListenerAdapter - Downloaded http://repo.maven.apache.org/maven2/com/sun/jdmk/jmxtools/1.2.1/jmxtools-1.2.1.jar
2016-10-06 12:45:37,929 [Worker-0] INFO  o.e.m.c.i.embedder.EclipseLogger - Installing D:\MyEclipse\configuration\org.eclipse.osgi\bundles\105\1\.cp\data\3.0\lib\core\jmxtools-1.2.1.jar to C:\Users\Administrator\.m2\repository\com\sun\jdmk\jmxtools\1.2.1\jmxtools-1.2.1.jar
2016-10-06 12:45:38,149 [Worker-0] INFO  o.e.m.c.i.embedder.EclipseLogger - Installing C:\Users\ADMINI~1\AppData\Local\Temp\mvninstall3839617982660860994.pom to C:\Users\Administrator\.m2\repository\com\sun\jdmk\jmxtools\1.2.1\jmxtools-1.2.1.pom
2016-10-06 12:45:38,164 [Worker-0] INFO  c.n.h.c.p.n.NettyAsyncHttpProvider - Number of application's worked threads is 8
2016-10-06 12:45:39,040 [New I/O client worker #63-1] INFO  o.e.m.c.i.e.AbstractTransferListenerAdapter - Downloaded http://repo.maven.apache.org/maven2/org/aspectj/aspectjweaver/1.6.8.RELEASE/aspectjweaver-1.6.8.RELEASE.jar
2016-10-06 12:45:39,053 [Worker-0] INFO  o.e.m.c.i.embedder.EclipseLogger - Installing D:\MyEclipse\configuration\org.eclipse.osgi\bundles\105\1\.cp\data\3.0\lib\aop\com.springsource.org.aspectj.weaver-1.6.8.RELEASE.jar to C:\Users\Administrator\.m2\repository\org\aspectj\aspectjweaver\1.6.8.RELEASE\aspectjweaver-1.6.8.RELEASE.jar
2016-10-06 12:45:39,330 [Worker-0] INFO  o.e.m.c.i.embedder.EclipseLogger - Installing C:\Users\ADMINI~1\AppData\Local\Temp\mvninstall2323258596040273987.pom to C:\Users\Administrator\.m2\repository\org\aspectj\aspectjweaver\1.6.8.RELEASE\aspectjweaver-1.6.8.RELEASE.pom
2016-10-06 12:45:39,336 [Worker-0] INFO  c.n.h.c.p.n.NettyAsyncHttpProvider - Number of application's worked threads is 8
2016-10-06 12:45:40,193 [New I/O client worker #64-1] INFO  o.e.m.c.i.e.AbstractTransferListenerAdapter - Downloaded http://repo.maven.apache.org/maven2/com/google/code/guice/guice/2.0/guice-2.0.jar
2016-10-06 12:45:40,210 [Worker-0] INFO  o.e.m.c.i.embedder.EclipseLogger - Installing D:\MyEclipse\configuration\org.eclipse.osgi\bundles\106\1\.cp\data\security-3.1\deps\guice-2.0.jar to C:\Users\Administrator\.m2\repository\com\google\code\guice\guice\2.0\guice-2.0.jar
2016-10-06 12:45:40,350 [Worker-0] INFO  o.e.m.c.i.embedder.EclipseLogger - Installing C:\Users\ADMINI~1\AppData\Local\Temp\mvninstall1793832266512340219.pom to C:\Users\Administrator\.m2\repository\com\google\code\guice\guice\2.0\guice-2.0.pom
2016-10-06 12:45:40,355 [Worker-0] INFO  c.n.h.c.p.n.NettyAsyncHttpProvider - Number of application's worked threads is 8
2016-10-06 12:45:41,269 [New I/O client worker #65-1] INFO  o.e.m.c.i.e.AbstractTransferListenerAdapter - Downloaded http://repo.maven.apache.org/maven2/jdo/jdori/1.0.1/jdori-1.0.1.jar
2016-10-06 12:45:41,281 [Worker-0] INFO  o.e.m.c.i.embedder.EclipseLogger - Installing D:\MyEclipse\configuration\org.eclipse.osgi\bundles\108\1\.cp\dependencies\jdori-1.0.1.jar to C:\Users\Administrator\.m2\repository\jdo\jdori\1.0.1\jdori-1.0.1.jar
2016-10-06 12:45:41,371 [Worker-0] INFO  o.e.m.c.i.embedder.EclipseLogger - Installing C:\Users\ADMINI~1\AppData\Local\Temp\mvninstall3993729074523294603.pom to C:\Users\Administrator\.m2\repository\jdo\jdori\1.0.1\jdori-1.0.1.pom
2016-10-06 12:45:41,379 [Worker-0] INFO  c.n.h.c.p.n.NettyAsyncHttpProvider - Number of application's worked threads is 8
2016-10-06 12:45:42,284 [New I/O client worker #66-1] INFO  o.e.m.c.i.e.AbstractTransferListenerAdapter - Downloaded http://repo.maven.apache.org/maven2/javax/jws/jsr181/1.0/jsr181-1.0.jar
2016-10-06 12:45:42,297 [Worker-0] INFO  o.e.m.c.i.embedder.EclipseLogger - Installing D:\MyEclipse\configuration\org.eclipse.osgi\bundles\108\1\.cp\dependencies\jsr181-api.jar to C:\Users\Administrator\.m2\repository\javax\jws\jsr181\1.0\jsr181-1.0.jar
2016-10-06 12:45:42,436 [Worker-0] INFO  o.e.m.c.i.embedder.EclipseLogger - Installing C:\Users\ADMINI~1\AppData\Local\Temp\mvninstall5851227414244629422.pom to C:\Users\Administrator\.m2\repository\javax\jws\jsr181\1.0\jsr181-1.0.pom
2016-10-06 12:45:42,441 [Worker-0] INFO  c.n.h.c.p.n.NettyAsyncHttpProvider - Number of application's worked threads is 8
2016-10-06 12:45:43,343 [New I/O client worker #67-1] INFO  o.e.m.c.i.e.AbstractTransferListenerAdapter - Downloaded http://repo.maven.apache.org/maven2/javax/xml/jaxr-api/1.0_03/jaxr-api-1.0_03.jar
2016-10-06 12:45:43,354 [Worker-0] INFO  o.e.m.c.i.embedder.EclipseLogger - Installing D:\MyEclipse\configuration\org.eclipse.osgi\bundles\108\1\.cp\dependencies\jaxr-api.jar to C:\Users\Administrator\.m2\repository\javax\xml\jaxr-api\1.0_03\jaxr-api-1.0_03.jar
2016-10-06 12:45:43,445 [Worker-0] INFO  o.e.m.c.i.embedder.EclipseLogger - Installing C:\Users\ADMINI~1\AppData\Local\Temp\mvninstall8542735852096571599.pom to C:\Users\Administrator\.m2\repository\javax\xml\jaxr-api\1.0_03\jaxr-api-1.0_03.pom
2016-10-06 12:45:43,450 [Worker-0] INFO  c.n.h.c.p.n.NettyAsyncHttpProvider - Number of application's worked threads is 8
2016-10-06 12:45:44,304 [New I/O client worker #68-1] INFO  o.e.m.c.i.e.AbstractTransferListenerAdapter - Downloaded http://repo.maven.apache.org/maven2/org/eclipse/persistence/eclipselink/1.0.2/eclipselink-1.0.2.jar
2016-10-06 12:45:44,322 [Worker-0] INFO  o.e.m.c.i.embedder.EclipseLogger - Installing D:\MyEclipse\configuration\org.eclipse.osgi\bundles\122\1\.cp\data\eclipselink\1.0\eclipselink.jar to C:\Users\Administrator\.m2\repository\org\eclipse\persistence\eclipselink\1.0.2\eclipselink-1.0.2.jar
2016-10-06 12:45:44,532 [Worker-0] INFO  o.e.m.c.i.embedder.EclipseLogger - Installing C:\Users\ADMINI~1\AppData\Local\Temp\mvninstall1871370350802298838.pom to C:\Users\Administrator\.m2\repository\org\eclipse\persistence\eclipselink\1.0.2\eclipselink-1.0.2.pom
2016-10-06 12:45:44,538 [Worker-0] INFO  c.n.h.c.p.n.NettyAsyncHttpProvider - Number of application's worked threads is 8
2016-10-06 12:45:45,408 [New I/O client worker #69-1] INFO  o.e.m.c.i.e.AbstractTransferListenerAdapter - Downloaded http://repo.maven.apache.org/maven2/org/eclipse/persistence/javax.persistence/1.0.0/javax.persistence-1.0.0.jar
2016-10-06 12:45:45,419 [Worker-0] INFO  o.e.m.c.i.embedder.EclipseLogger - Installing D:\MyEclipse\configuration\org.eclipse.osgi\bundles\122\1\.cp\data\eclipselink\1.0\javax.persistence_1.0.0.jar to C:\Users\Administrator\.m2\repository\org\eclipse\persistence\javax.persistence\1.0.0\javax.persistence-1.0.0.jar
2016-10-06 12:45:45,520 [Worker-0] INFO  o.e.m.c.i.embedder.EclipseLogger - Installing C:\Users\ADMINI~1\AppData\Local\Temp\mvninstall7153299340540792117.pom to C:\Users\Administrator\.m2\repository\org\eclipse\persistence\javax.persistence\1.0.0\javax.persistence-1.0.0.pom
2016-10-06 12:45:45,525 [Worker-0] INFO  c.n.h.c.p.n.NettyAsyncHttpProvider - Number of application's worked threads is 8
2016-10-06 12:45:46,380 [New I/O client worker #70-1] INFO  o.e.m.c.i.e.AbstractTransferListenerAdapter - Downloaded http://repo.maven.apache.org/maven2/javax/jms/jms/1.1/jms-1.1.jar
2016-10-06 12:45:46,389 [Worker-0] INFO  o.e.m.c.i.embedder.EclipseLogger - Installing D:\MyEclipse\configuration\org.eclipse.osgi\bundles\122\1\.cp\data\openjpa\0.9\geronimo-jms_1.1_spec-1.0.1.jar to C:\Users\Administrator\.m2\repository\javax\jms\jms\1.1\jms-1.1.jar
2016-10-06 12:45:46,529 [Worker-0] INFO  o.e.m.c.i.embedder.EclipseLogger - Installing C:\Users\ADMINI~1\AppData\Local\Temp\mvninstall2775639527883375275.pom to C:\Users\Administrator\.m2\repository\javax\jms\jms\1.1\jms-1.1.pom
2016-10-06 12:45:46,534 [Worker-0] INFO  c.n.h.c.p.n.NettyAsyncHttpProvider - Number of application's worked threads is 8
2016-10-06 12:45:47,456 [New I/O client worker #71-1] INFO  o.e.m.c.i.e.AbstractTransferListenerAdapter - Downloaded http://repo.maven.apache.org/maven2/myeclipse/pluto-taglib/1.0.1/pluto-taglib-1.0.1.jar
2016-10-06 12:45:47,479 [Worker-0] INFO  o.e.m.c.i.embedder.EclipseLogger - Installing D:\MyEclipse\configuration\org.eclipse.osgi\bundles\123\1\.cp\data\lib\jsr168\pluto-taglib-1.0.1.jar to C:\Users\Administrator\.m2\repository\myeclipse\pluto-taglib\1.0.1\pluto-taglib-1.0.1.jar
2016-10-06 12:45:47,738 [Worker-0] INFO  o.e.m.c.i.embedder.EclipseLogger - Installing C:\Users\ADMINI~1\AppData\Local\Temp\mvninstall1825126736451456534.pom to C:\Users\Administrator\.m2\repository\myeclipse\pluto-taglib\1.0.1\pluto-taglib-1.0.1.pom
2016-10-06 12:45:47,743 [Worker-0] INFO  c.n.h.c.p.n.NettyAsyncHttpProvider - Number of application's worked threads is 8
2016-10-06 12:45:48,562 [New I/O client worker #72-1] INFO  o.e.m.c.i.e.AbstractTransferListenerAdapter - Downloaded http://repo.maven.apache.org/maven2/myeclipse/pluto-taglib/2.0/pluto-taglib-2.0.jar
2016-10-06 12:45:48,579 [Worker-0] INFO  o.e.m.c.i.embedder.EclipseLogger - Installing D:\MyEclipse\configuration\org.eclipse.osgi\bundles\123\1\.cp\data\lib\jsr286\pluto-taglib-2.0.0.jar to C:\Users\Administrator\.m2\repository\myeclipse\pluto-taglib\2.0\pluto-taglib-2.0.jar
2016-10-06 12:45:48,692 [Worker-0] INFO  o.e.m.c.i.embedder.EclipseLogger - Installing C:\Users\ADMINI~1\AppData\Local\Temp\mvninstall7152352857626840281.pom to C:\Users\Administrator\.m2\repository\myeclipse\pluto-taglib\2.0\pluto-taglib-2.0.pom
2016-10-06 12:45:48,698 [Worker-0] INFO  c.n.h.c.p.n.NettyAsyncHttpProvider - Number of application's worked threads is 8
2016-10-06 12:45:49,610 [New I/O client worker #73-1] INFO  o.e.m.c.i.e.AbstractTransferListenerAdapter - Downloaded http://repo.maven.apache.org/maven2/myeclipse-reports/chartengineapi/2.2.0/chartengineapi-2.2.0.jar
2016-10-06 12:45:49,623 [Worker-0] INFO  o.e.m.c.i.embedder.EclipseLogger - Installing D:\MyEclipse\configuration\org.eclipse.osgi\bundles\124\1\.cp\data\2.2\chartengineapi.jar to C:\Users\Administrator\.m2\repository\myeclipse-reports\chartengineapi\2.2.0\chartengineapi-2.2.0.jar
2016-10-06 12:45:49,914 [Worker-0] INFO  o.e.m.c.i.embedder.EclipseLogger - Installing C:\Users\ADMINI~1\AppData\Local\Temp\mvninstall730916721766370440.pom to C:\Users\Administrator\.m2\repository\myeclipse-reports\chartengineapi\2.2.0\chartengineapi-2.2.0.pom
2016-10-06 12:45:49,920 [Worker-0] INFO  c.n.h.c.p.n.NettyAsyncHttpProvider - Number of application's worked threads is 8
2016-10-06 12:45:50,819 [New I/O client worker #74-1] INFO  o.e.m.c.i.e.AbstractTransferListenerAdapter - Downloaded http://repo.maven.apache.org/maven2/myeclipse-reports/coreapi/2.2.0/coreapi-2.2.0.jar
2016-10-06 12:45:50,833 [Worker-0] INFO  o.e.m.c.i.embedder.EclipseLogger - Installing D:\MyEclipse\configuration\org.eclipse.osgi\bundles\124\1\.cp\data\2.2\coreapi.jar to C:\Users\Administrator\.m2\repository\myeclipse-reports\coreapi\2.2.0\coreapi-2.2.0.jar
2016-10-06 12:45:50,967 [Worker-0] INFO  o.e.m.c.i.embedder.EclipseLogger - Installing C:\Users\ADMINI~1\AppData\Local\Temp\mvninstall100135259509165649.pom to C:\Users\Administrator\.m2\repository\myeclipse-reports\coreapi\2.2.0\coreapi-2.2.0.pom
2016-10-06 12:45:50,973 [Worker-0] INFO  c.n.h.c.p.n.NettyAsyncHttpProvider - Number of application's worked threads is 8
2016-10-06 12:45:51,857 [New I/O client worker #75-1] INFO  o.e.m.c.i.e.AbstractTransferListenerAdapter - Downloaded http://repo.maven.apache.org/maven2/myeclipse-reports/dataadapterapi/2.2.0/dataadapterapi-2.2.0.jar
2016-10-06 12:45:51,873 [Worker-0] INFO  o.e.m.c.i.embedder.EclipseLogger - Installing D:\MyEclipse\configuration\org.eclipse.osgi\bundles\124\1\.cp\data\2.2\dataadapterapi.jar to C:\Users\Administrator\.m2\repository\myeclipse-reports\dataadapterapi\2.2.0\dataadapterapi-2.2.0.jar
2016-10-06 12:45:52,001 [Worker-0] INFO  o.e.m.c.i.embedder.EclipseLogger - Installing C:\Users\ADMINI~1\AppData\Local\Temp\mvninstall7565422769033989542.pom to C:\Users\Administrator\.m2\repository\myeclipse-reports\dataadapterapi\2.2.0\dataadapterapi-2.2.0.pom
2016-10-06 12:45:52,008 [Worker-0] INFO  c.n.h.c.p.n.NettyAsyncHttpProvider - Number of application's worked threads is 8
2016-10-06 12:45:52,899 [New I/O client worker #76-1] INFO  o.e.m.c.i.e.AbstractTransferListenerAdapter - Downloaded http://repo.maven.apache.org/maven2/myeclipse-reports/dteapi/2.2.0/dteapi-2.2.0.jar
